Traceback (most recent call last):
  File "/home/user/webapp/backend/app.py", line 10, in <module>
    from utils.auth import hash_password, verify_password, generate_tokens, admin_required, user_required
  File "/home/user/webapp/backend/utils/auth.py", line 9, in <module>
    from google.oauth2 import id_token
ModuleNotFoundError: No module named 'google'
Traceback (most recent call last):
  File "/home/user/webapp/backend/app.py", line 10, in <module>
    from utils.auth import hash_password, verify_password, generate_tokens, admin_required, user_required
  File "/home/user/webapp/backend/utils/auth.py", line 9, in <module>
    from google.oauth2 import id_token
ModuleNotFoundError: No module named 'google'
Traceback (most recent call last):
  File "/home/user/webapp/backend/app.py", line 10, in <module>
    from utils.auth import hash_password, verify_password, generate_tokens, admin_required, user_required
  File "/home/user/webapp/backend/utils/auth.py", line 9, in <module>
    from google.oauth2 import id_token
ModuleNotFoundError: No module named 'google'
Traceback (most recent call last):
  File "/home/user/webapp/backend/app.py", line 10, in <module>
    from utils.auth import hash_password, verify_password, generate_tokens, admin_required, user_required
  File "/home/user/webapp/backend/utils/auth.py", line 9, in <module>
    from google.oauth2 import id_token
ModuleNotFoundError: No module named 'google'
Traceback (most recent call last):
  File "/home/user/webapp/backend/app.py", line 10, in <module>
    from utils.auth import hash_password, verify_password, generate_tokens, admin_required, user_required
  File "/home/user/webapp/backend/utils/auth.py", line 9, in <module>
    from google.oauth2 import id_token
ModuleNotFoundError: No module named 'google'
Traceback (most recent call last):
  File "/home/user/webapp/backend/app.py", line 10, in <module>
    from utils.auth import hash_password, verify_password, generate_tokens, admin_required, user_required
  File "/home/user/webapp/backend/utils/auth.py", line 9, in <module>
    from google.oauth2 import id_token
ModuleNotFoundError: No module named 'google'
Traceback (most recent call last):
  File "/home/user/webapp/backend/app.py", line 10, in <module>
    from utils.auth import hash_password, verify_password, generate_tokens, admin_required, user_required
  File "/home/user/webapp/backend/utils/auth.py", line 9, in <module>
    from google.oauth2 import id_token
ModuleNotFoundError: No module named 'google'
Traceback (most recent call last):
  File "/home/user/webapp/backend/app.py", line 10, in <module>
    from utils.auth import hash_password, verify_password, generate_tokens, admin_required, user_required
  File "/home/user/webapp/backend/utils/auth.py", line 9, in <module>
    from google.oauth2 import id_token
ModuleNotFoundError: No module named 'google'
Traceback (most recent call last):
  File "/home/user/webapp/backend/app.py", line 10, in <module>
    from utils.auth import hash_password, verify_password, generate_tokens, admin_required, user_required
  File "/home/user/webapp/backend/utils/auth.py", line 9, in <module>
    from google.oauth2 import id_token
ModuleNotFoundError: No module named 'google'
Traceback (most recent call last):
  File "/home/user/webapp/backend/app.py", line 10, in <module>
    from utils.auth import hash_password, verify_password, generate_tokens, admin_required, user_required
  File "/home/user/webapp/backend/utils/auth.py", line 9, in <module>
    from google.oauth2 import id_token
ModuleNotFoundError: No module named 'google'
Traceback (most recent call last):
  File "/home/user/webapp/backend/app.py", line 10, in <module>
    from utils.auth import hash_password, verify_password, generate_tokens, admin_required, user_required
  File "/home/user/webapp/backend/utils/auth.py", line 9, in <module>
    from google.oauth2 import id_token
ModuleNotFoundError: No module named 'google'
Traceback (most recent call last):
  File "/home/user/webapp/backend/app.py", line 10, in <module>
    from utils.auth import hash_password, verify_password, generate_tokens, admin_required, user_required
  File "/home/user/webapp/backend/utils/auth.py", line 9, in <module>
    from google.oauth2 import id_token
ModuleNotFoundError: No module named 'google'
Traceback (most recent call last):
  File "/home/user/webapp/backend/app.py", line 10, in <module>
    from utils.auth import hash_password, verify_password, generate_tokens, admin_required, user_required
  File "/home/user/webapp/backend/utils/auth.py", line 9, in <module>
    from google.oauth2 import id_token
ModuleNotFoundError: No module named 'google'
Traceback (most recent call last):
  File "/home/user/webapp/backend/app.py", line 10, in <module>
    from utils.auth import hash_password, verify_password, generate_tokens, admin_required, user_required
  File "/home/user/webapp/backend/utils/auth.py", line 9, in <module>
    from google.oauth2 import id_token
ModuleNotFoundError: No module named 'google'
Traceback (most recent call last):
  File "/home/user/webapp/backend/app.py", line 10, in <module>
    from utils.auth import hash_password, verify_password, generate_tokens, admin_required, user_required
  File "/home/user/webapp/backend/utils/auth.py", line 9, in <module>
    from google.oauth2 import id_token
ModuleNotFoundError: No module named 'google'
Traceback (most recent call last):
  File "/home/user/webapp/backend/app.py", line 10, in <module>
    from utils.auth import hash_password, verify_password, generate_tokens, admin_required, user_required
  File "/home/user/webapp/backend/utils/auth.py", line 9, in <module>
    from google.oauth2 import id_token
ModuleNotFoundError: No module named 'google'
Traceback (most recent call last):
  File "/home/user/webapp/backend/app.py", line 10, in <module>
    from utils.auth import hash_password, verify_password, generate_tokens, admin_required, user_required
  File "/home/user/webapp/backend/utils/auth.py", line 9, in <module>
    from google.oauth2 import id_token
ModuleNotFoundError: No module named 'google'
Traceback (most recent call last):
  File "/home/user/webapp/backend/app.py", line 10, in <module>
    from utils.auth import hash_password, verify_password, generate_tokens, admin_required, user_required
  File "/home/user/webapp/backend/utils/auth.py", line 9, in <module>
    from google.oauth2 import id_token
ModuleNotFoundError: No module named 'google'
Traceback (most recent call last):
  File "/home/user/webapp/backend/app.py", line 10, in <module>
    from utils.auth import hash_password, verify_password, generate_tokens, admin_required, user_required
  File "/home/user/webapp/backend/utils/auth.py", line 9, in <module>
    from google.oauth2 import id_token
ModuleNotFoundError: No module named 'google'
Traceback (most recent call last):
  File "/home/user/webapp/backend/app.py", line 10, in <module>
    from utils.auth import hash_password, verify_password, generate_tokens, admin_required, user_required
  File "/home/user/webapp/backend/utils/auth.py", line 9, in <module>
    from google.oauth2 import id_token
ModuleNotFoundError: No module named 'google'
Traceback (most recent call last):
  File "/home/user/webapp/backend/app.py", line 10, in <module>
    from utils.auth import hash_password, verify_password, generate_tokens, admin_required, user_required
  File "/home/user/webapp/backend/utils/auth.py", line 9, in <module>
    from google.oauth2 import id_token
ModuleNotFoundError: No module named 'google'
Traceback (most recent call last):
  File "/home/user/webapp/backend/app.py", line 10, in <module>
    from utils.auth import hash_password, verify_password, generate_tokens, admin_required, user_required
  File "/home/user/webapp/backend/utils/auth.py", line 9, in <module>
    from google.oauth2 import id_token
ModuleNotFoundError: No module named 'google'
Traceback (most recent call last):
  File "/home/user/webapp/backend/app.py", line 10, in <module>
    from utils.auth import hash_password, verify_password, generate_tokens, admin_required, user_required
  File "/home/user/webapp/backend/utils/auth.py", line 9, in <module>
    from google.oauth2 import id_token
ModuleNotFoundError: No module named 'google'
Traceback (most recent call last):
  File "/home/user/webapp/backend/app.py", line 10, in <module>
    from utils.auth import hash_password, verify_password, generate_tokens, admin_required, user_required
  File "/home/user/webapp/backend/utils/auth.py", line 9, in <module>
    from google.oauth2 import id_token
ModuleNotFoundError: No module named 'google'
Traceback (most recent call last):
  File "/home/user/webapp/backend/app.py", line 10, in <module>
    from utils.auth import hash_password, verify_password, generate_tokens, admin_required, user_required
  File "/home/user/webapp/backend/utils/auth.py", line 9, in <module>
    from google.oauth2 import id_token
ModuleNotFoundError: No module named 'google'
Traceback (most recent call last):
  File "/home/user/webapp/backend/app.py", line 10, in <module>
    from utils.auth import hash_password, verify_password, generate_tokens, admin_required, user_required
  File "/home/user/webapp/backend/utils/auth.py", line 9, in <module>
    from google.oauth2 import id_token
ModuleNotFoundError: No module named 'google'
Traceback (most recent call last):
  File "/home/user/webapp/backend/app.py", line 10, in <module>
    from utils.auth import hash_password, verify_password, generate_tokens, admin_required, user_required
  File "/home/user/webapp/backend/utils/auth.py", line 9, in <module>
    from google.oauth2 import id_token
ModuleNotFoundError: No module named 'google'
Traceback (most recent call last):
  File "/home/user/webapp/backend/app.py", line 10, in <module>
    from utils.auth import hash_password, verify_password, generate_tokens, admin_required, user_required
  File "/home/user/webapp/backend/utils/auth.py", line 9, in <module>
    from google.oauth2 import id_token
ModuleNotFoundError: No module named 'google'
Traceback (most recent call last):
  File "/home/user/webapp/backend/app.py", line 10, in <module>
    from utils.auth import hash_password, verify_password, generate_tokens, admin_required, user_required
  File "/home/user/webapp/backend/utils/auth.py", line 9, in <module>
    from google.oauth2 import id_token
ModuleNotFoundError: No module named 'google'
Traceback (most recent call last):
  File "/home/user/webapp/backend/app.py", line 10, in <module>
    from utils.auth import hash_password, verify_password, generate_tokens, admin_required, user_required
  File "/home/user/webapp/backend/utils/auth.py", line 9, in <module>
    from google.oauth2 import id_token
ModuleNotFoundError: No module named 'google'
Traceback (most recent call last):
  File "/home/user/webapp/backend/app.py", line 10, in <module>
    from utils.auth import hash_password, verify_password, generate_tokens, admin_required, user_required
  File "/home/user/webapp/backend/utils/auth.py", line 9, in <module>
    from google.oauth2 import id_token
ModuleNotFoundError: No module named 'google'
Traceback (most recent call last):
  File "/home/user/webapp/backend/app.py", line 10, in <module>
    from utils.auth import hash_password, verify_password, generate_tokens, admin_required, user_required
  File "/home/user/webapp/backend/utils/auth.py", line 9, in <module>
    from google.oauth2 import id_token
ModuleNotFoundError: No module named 'google'
Traceback (most recent call last):
  File "/home/user/webapp/backend/app.py", line 10, in <module>
    from utils.auth import hash_password, verify_password, generate_tokens, admin_required, user_required
  File "/home/user/webapp/backend/utils/auth.py", line 9, in <module>
    from google.oauth2 import id_token
ModuleNotFoundError: No module named 'google'
Traceback (most recent call last):
  File "/home/user/webapp/backend/app.py", line 10, in <module>
    from utils.auth import hash_password, verify_password, generate_tokens, admin_required, user_required
  File "/home/user/webapp/backend/utils/auth.py", line 9, in <module>
    from google.oauth2 import id_token
ModuleNotFoundError: No module named 'google'
Traceback (most recent call last):
  File "/home/user/webapp/backend/app.py", line 10, in <module>
    from utils.auth import hash_password, verify_password, generate_tokens, admin_required, user_required
  File "/home/user/webapp/backend/utils/auth.py", line 9, in <module>
    from google.oauth2 import id_token
ModuleNotFoundError: No module named 'google'
Traceback (most recent call last):
  File "/home/user/webapp/backend/app.py", line 10, in <module>
    from utils.auth import hash_password, verify_password, generate_tokens, admin_required, user_required
  File "/home/user/webapp/backend/utils/auth.py", line 9, in <module>
    from google.oauth2 import id_token
ModuleNotFoundError: No module named 'google'
Traceback (most recent call last):
  File "/home/user/webapp/backend/app.py", line 10, in <module>
    from utils.auth import hash_password, verify_password, generate_tokens, admin_required, user_required
  File "/home/user/webapp/backend/utils/auth.py", line 9, in <module>
    from google.oauth2 import id_token
ModuleNotFoundError: No module named 'google'
Traceback (most recent call last):
  File "/home/user/webapp/backend/app.py", line 10, in <module>
    from utils.auth import hash_password, verify_password, generate_tokens, admin_required, user_required
  File "/home/user/webapp/backend/utils/auth.py", line 9, in <module>
    from google.oauth2 import id_token
ModuleNotFoundError: No module named 'google'
Traceback (most recent call last):
  File "/home/user/webapp/backend/app.py", line 10, in <module>
    from utils.auth import hash_password, verify_password, generate_tokens, admin_required, user_required
  File "/home/user/webapp/backend/utils/auth.py", line 9, in <module>
    from google.oauth2 import id_token
ModuleNotFoundError: No module named 'google'
Traceback (most recent call last):
  File "/home/user/webapp/backend/app.py", line 10, in <module>
    from utils.auth import hash_password, verify_password, generate_tokens, admin_required, user_required
  File "/home/user/webapp/backend/utils/auth.py", line 9, in <module>
    from google.oauth2 import id_token
ModuleNotFoundError: No module named 'google'
Traceback (most recent call last):
  File "/home/user/webapp/backend/app.py", line 10, in <module>
    from utils.auth import hash_password, verify_password, generate_tokens, admin_required, user_required
  File "/home/user/webapp/backend/utils/auth.py", line 9, in <module>
    from google.oauth2 import id_token
ModuleNotFoundError: No module named 'google'
Traceback (most recent call last):
  File "/home/user/webapp/backend/app.py", line 10, in <module>
    from utils.auth import hash_password, verify_password, generate_tokens, admin_required, user_required
  File "/home/user/webapp/backend/utils/auth.py", line 9, in <module>
    from google.oauth2 import id_token
ModuleNotFoundError: No module named 'google'
Traceback (most recent call last):
  File "/home/user/webapp/backend/app.py", line 11, in <module>
    from utils.email import mail, send_contact_form_email, send_design_request_confirmation
  File "/home/user/webapp/backend/utils/email.py", line 1, in <module>
    from flask_mail import Message, Mail
ModuleNotFoundError: No module named 'flask_mail'
Traceback (most recent call last):
  File "/home/user/webapp/backend/app.py", line 11, in <module>
    from utils.email import mail, send_contact_form_email, send_design_request_confirmation
  File "/home/user/webapp/backend/utils/email.py", line 1, in <module>
    from flask_mail import Message, Mail
ModuleNotFoundError: No module named 'flask_mail'
Traceback (most recent call last):
  File "/home/user/webapp/backend/app.py", line 11, in <module>
    from utils.email import mail, send_contact_form_email, send_design_request_confirmation
  File "/home/user/webapp/backend/utils/email.py", line 1, in <module>
    from flask_mail import Message, Mail
ModuleNotFoundError: No module named 'flask_mail'
Traceback (most recent call last):
  File "/home/user/webapp/backend/app.py", line 11, in <module>
    from utils.email import mail, send_contact_form_email, send_design_request_confirmation
  File "/home/user/webapp/backend/utils/email.py", line 1, in <module>
    from flask_mail import Message, Mail
ModuleNotFoundError: No module named 'flask_mail'
Traceback (most recent call last):
  File "/home/user/webapp/backend/app.py", line 11, in <module>
    from utils.email import mail, send_contact_form_email, send_design_request_confirmation
  File "/home/user/webapp/backend/utils/email.py", line 1, in <module>
    from flask_mail import Message, Mail
ModuleNotFoundError: No module named 'flask_mail'
Traceback (most recent call last):
  File "/home/user/webapp/backend/app.py", line 11, in <module>
    from utils.email import mail, send_contact_form_email, send_design_request_confirmation
  File "/home/user/webapp/backend/utils/email.py", line 1, in <module>
    from flask_mail import Message, Mail
ModuleNotFoundError: No module named 'flask_mail'
Traceback (most recent call last):
  File "/home/user/webapp/backend/app.py", line 11, in <module>
    from utils.email import mail, send_contact_form_email, send_design_request_confirmation
  File "/home/user/webapp/backend/utils/email.py", line 1, in <module>
    from flask_mail import Message, Mail
ModuleNotFoundError: No module named 'flask_mail'
Traceback (most recent call last):
  File "/home/user/webapp/backend/app.py", line 11, in <module>
    from utils.email import mail, send_contact_form_email, send_design_request_confirmation
  File "/home/user/webapp/backend/utils/email.py", line 1, in <module>
    from flask_mail import Message, Mail
ModuleNotFoundError: No module named 'flask_mail'
Traceback (most recent call last):
  File "/home/user/webapp/backend/app.py", line 11, in <module>
    from utils.email import mail, send_contact_form_email, send_design_request_confirmation
  File "/home/user/webapp/backend/utils/email.py", line 1, in <module>
    from flask_mail import Message, Mail
ModuleNotFoundError: No module named 'flask_mail'
Traceback (most recent call last):
  File "/home/user/webapp/backend/app.py", line 11, in <module>
    from utils.email import mail, send_contact_form_email, send_design_request_confirmation
  File "/home/user/webapp/backend/utils/email.py", line 1, in <module>
    from flask_mail import Message, Mail
ModuleNotFoundError: No module named 'flask_mail'
Traceback (most recent call last):
  File "/home/user/webapp/backend/app.py", line 11, in <module>
    from utils.email import mail, send_contact_form_email, send_design_request_confirmation
  File "/home/user/webapp/backend/utils/email.py", line 1, in <module>
    from flask_mail import Message, Mail
ModuleNotFoundError: No module named 'flask_mail'
Traceback (most recent call last):
  File "/home/user/webapp/backend/app.py", line 11, in <module>
    from utils.email import mail, send_contact_form_email, send_design_request_confirmation
  File "/home/user/webapp/backend/utils/email.py", line 1, in <module>
    from flask_mail import Message, Mail
ModuleNotFoundError: No module named 'flask_mail'
Traceback (most recent call last):
  File "/home/user/webapp/backend/app.py", line 11, in <module>
    from utils.email import mail, send_contact_form_email, send_design_request_confirmation
  File "/home/user/webapp/backend/utils/email.py", line 1, in <module>
    from flask_mail import Message, Mail
ModuleNotFoundError: No module named 'flask_mail'
Traceback (most recent call last):
  File "/home/user/webapp/backend/app.py", line 11, in <module>
    from utils.email import mail, send_contact_form_email, send_design_request_confirmation
  File "/home/user/webapp/backend/utils/email.py", line 1, in <module>
    from flask_mail import Message, Mail
ModuleNotFoundError: No module named 'flask_mail'
Traceback (most recent call last):
  File "/home/user/webapp/backend/app.py", line 11, in <module>
    from utils.email import mail, send_contact_form_email, send_design_request_confirmation
  File "/home/user/webapp/backend/utils/email.py", line 1, in <module>
    from flask_mail import Message, Mail
ModuleNotFoundError: No module named 'flask_mail'
Traceback (most recent call last):
  File "/home/user/webapp/backend/app.py", line 11, in <module>
    from utils.email import mail, send_contact_form_email, send_design_request_confirmation
  File "/home/user/webapp/backend/utils/email.py", line 1, in <module>
    from flask_mail import Message, Mail
ModuleNotFoundError: No module named 'flask_mail'
Traceback (most recent call last):
  File "/home/user/webapp/backend/app.py", line 11, in <module>
    from utils.email import mail, send_contact_form_email, send_design_request_confirmation
  File "/home/user/webapp/backend/utils/email.py", line 1, in <module>
    from flask_mail import Message, Mail
ModuleNotFoundError: No module named 'flask_mail'
Traceback (most recent call last):
  File "/home/user/webapp/backend/app.py", line 11, in <module>
    from utils.email import mail, send_contact_form_email, send_design_request_confirmation
  File "/home/user/webapp/backend/utils/email.py", line 1, in <module>
    from flask_mail import Message, Mail
ModuleNotFoundError: No module named 'flask_mail'
Traceback (most recent call last):
  File "/home/user/webapp/backend/app.py", line 11, in <module>
    from utils.email import mail, send_contact_form_email, send_design_request_confirmation
  File "/home/user/webapp/backend/utils/email.py", line 1, in <module>
    from flask_mail import Message, Mail
ModuleNotFoundError: No module named 'flask_mail'
Traceback (most recent call last):
  File "/home/user/webapp/backend/app.py", line 219, in <module>
    @admin_required()
     ^^^^^^^^^^^^^^^^
TypeError: admin_required() missing 1 required positional argument: 'f'
Traceback (most recent call last):
  File "/home/user/webapp/backend/app.py", line 219, in <module>
    @admin_required()
     ^^^^^^^^^^^^^^^^
TypeError: admin_required() missing 1 required positional argument: 'f'
Traceback (most recent call last):
  File "/home/user/webapp/backend/app.py", line 219, in <module>
    @admin_required()
     ^^^^^^^^^^^^^^^^
TypeError: admin_required() missing 1 required positional argument: 'f'
Traceback (most recent call last):
  File "/home/user/webapp/backend/app.py", line 219, in <module>
    @admin_required()
     ^^^^^^^^^^^^^^^^
TypeError: admin_required() missing 1 required positional argument: 'f'
Traceback (most recent call last):
  File "/home/user/webapp/backend/app.py", line 219, in <module>
    @admin_required()
     ^^^^^^^^^^^^^^^^
TypeError: admin_required() missing 1 required positional argument: 'f'
Traceback (most recent call last):
  File "/home/user/webapp/backend/app.py", line 219, in <module>
    @admin_required()
     ^^^^^^^^^^^^^^^^
TypeError: admin_required() missing 1 required positional argument: 'f'
Traceback (most recent call last):
  File "/home/user/webapp/backend/app.py", line 219, in <module>
    @admin_required()
     ^^^^^^^^^^^^^^^^
TypeError: admin_required() missing 1 required positional argument: 'f'
Traceback (most recent call last):
  File "/home/user/webapp/backend/app.py", line 219, in <module>
    @admin_required()
     ^^^^^^^^^^^^^^^^
TypeError: admin_required() missing 1 required positional argument: 'f'
Traceback (most recent call last):
  File "/home/user/webapp/backend/app.py", line 219, in <module>
    @admin_required()
     ^^^^^^^^^^^^^^^^
TypeError: admin_required() missing 1 required positional argument: 'f'
Traceback (most recent call last):
  File "/home/user/webapp/backend/app.py", line 219, in <module>
    @admin_required()
     ^^^^^^^^^^^^^^^^
TypeError: admin_required() missing 1 required positional argument: 'f'
Traceback (most recent call last):
  File "/home/user/webapp/backend/app.py", line 219, in <module>
    @admin_required()
     ^^^^^^^^^^^^^^^^
TypeError: admin_required() missing 1 required positional argument: 'f'
Traceback (most recent call last):
  File "/home/user/webapp/backend/app.py", line 219, in <module>
    @admin_required()
     ^^^^^^^^^^^^^^^^
TypeError: admin_required() missing 1 required positional argument: 'f'
Traceback (most recent call last):
  File "/home/user/webapp/backend/app.py", line 219, in <module>
    @admin_required()
     ^^^^^^^^^^^^^^^^
TypeError: admin_required() missing 1 required positional argument: 'f'
Traceback (most recent call last):
  File "/home/user/webapp/backend/app.py", line 219, in <module>
    @admin_required()
     ^^^^^^^^^^^^^^^^
TypeError: admin_required() missing 1 required positional argument: 'f'
Traceback (most recent call last):
  File "/home/user/webapp/backend/app.py", line 219, in <module>
    @admin_required()
     ^^^^^^^^^^^^^^^^
TypeError: admin_required() missing 1 required positional argument: 'f'
Traceback (most recent call last):
  File "/home/user/webapp/backend/app.py", line 219, in <module>
    @admin_required()
     ^^^^^^^^^^^^^^^^
TypeError: admin_required() missing 1 required positional argument: 'f'
Traceback (most recent call last):
  File "/home/user/webapp/backend/app.py", line 219, in <module>
    @admin_required()
     ^^^^^^^^^^^^^^^^
TypeError: admin_required() missing 1 required positional argument: 'f'
Traceback (most recent call last):
  File "/home/user/webapp/backend/app.py", line 219, in <module>
    @admin_required()
     ^^^^^^^^^^^^^^^^
TypeError: admin_required() missing 1 required positional argument: 'f'
Traceback (most recent call last):
  File "/home/user/webapp/backend/app.py", line 219, in <module>
    @admin_required()
     ^^^^^^^^^^^^^^^^
TypeError: admin_required() missing 1 required positional argument: 'f'
Traceback (most recent call last):
  File "/home/user/webapp/backend/app.py", line 219, in <module>
    @admin_required()
     ^^^^^^^^^^^^^^^^
TypeError: admin_required() missing 1 required positional argument: 'f'
Traceback (most recent call last):
  File "/home/user/webapp/backend/app.py", line 219, in <module>
    @admin_required()
     ^^^^^^^^^^^^^^^^
TypeError: admin_required() missing 1 required positional argument: 'f'
Traceback (most recent call last):
  File "/home/user/webapp/backend/app.py", line 219, in <module>
    @admin_required()
     ^^^^^^^^^^^^^^^^
TypeError: admin_required() missing 1 required positional argument: 'f'
Traceback (most recent call last):
  File "/home/user/webapp/backend/app.py", line 219, in <module>
    @admin_required()
     ^^^^^^^^^^^^^^^^
TypeError: admin_required() missing 1 required positional argument: 'f'
Traceback (most recent call last):
  File "/home/user/webapp/backend/app.py", line 219, in <module>
    @admin_required()
     ^^^^^^^^^^^^^^^^
TypeError: admin_required() missing 1 required positional argument: 'f'
Traceback (most recent call last):
  File "/home/user/webapp/backend/app.py", line 219, in <module>
    @admin_required()
     ^^^^^^^^^^^^^^^^
TypeError: admin_required() missing 1 required positional argument: 'f'
Traceback (most recent call last):
  File "/home/user/webapp/backend/app.py", line 219, in <module>
    @admin_required()
     ^^^^^^^^^^^^^^^^
TypeError: admin_required() missing 1 required positional argument: 'f'
Traceback (most recent call last):
  File "/home/user/webapp/backend/app.py", line 219, in <module>
    @admin_required()
     ^^^^^^^^^^^^^^^^
TypeError: admin_required() missing 1 required positional argument: 'f'
Traceback (most recent call last):
  File "/home/user/webapp/backend/app.py", line 219, in <module>
    @admin_required()
     ^^^^^^^^^^^^^^^^
TypeError: admin_required() missing 1 required positional argument: 'f'
Traceback (most recent call last):
  File "/home/user/webapp/backend/app.py", line 219, in <module>
    @admin_required()
     ^^^^^^^^^^^^^^^^
TypeError: admin_required() missing 1 required positional argument: 'f'
Traceback (most recent call last):
  File "/home/user/webapp/backend/app.py", line 219, in <module>
    @admin_required()
     ^^^^^^^^^^^^^^^^
TypeError: admin_required() missing 1 required positional argument: 'f'
Traceback (most recent call last):
  File "/home/user/webapp/backend/app.py", line 219, in <module>
    @admin_required()
     ^^^^^^^^^^^^^^^^
TypeError: admin_required() missing 1 required positional argument: 'f'
Traceback (most recent call last):
  File "/home/user/webapp/backend/app.py", line 219, in <module>
    @admin_required()
     ^^^^^^^^^^^^^^^^
TypeError: admin_required() missing 1 required positional argument: 'f'
Traceback (most recent call last):
  File "/home/user/webapp/backend/app.py", line 219, in <module>
    @admin_required()
     ^^^^^^^^^^^^^^^^
TypeError: admin_required() missing 1 required positional argument: 'f'
Traceback (most recent call last):
  File "/home/user/webapp/backend/app.py", line 219, in <module>
    @admin_required()
     ^^^^^^^^^^^^^^^^
TypeError: admin_required() missing 1 required positional argument: 'f'
Traceback (most recent call last):
  File "/home/user/webapp/backend/app.py", line 219, in <module>
    @admin_required()
     ^^^^^^^^^^^^^^^^
TypeError: admin_required() missing 1 required positional argument: 'f'
Traceback (most recent call last):
  File "/home/user/webapp/backend/app.py", line 219, in <module>
    @admin_required()
     ^^^^^^^^^^^^^^^^
TypeError: admin_required() missing 1 required positional argument: 'f'
Traceback (most recent call last):
  File "/home/user/webapp/backend/app.py", line 219, in <module>
    @admin_required()
     ^^^^^^^^^^^^^^^^
TypeError: admin_required() missing 1 required positional argument: 'f'
Traceback (most recent call last):
  File "/home/user/webapp/backend/app.py", line 219, in <module>
    @admin_required()
     ^^^^^^^^^^^^^^^^
TypeError: admin_required() missing 1 required positional argument: 'f'
Traceback (most recent call last):
  File "/home/user/webapp/backend/app.py", line 219, in <module>
    @admin_required()
     ^^^^^^^^^^^^^^^^
TypeError: admin_required() missing 1 required positional argument: 'f'
Traceback (most recent call last):
  File "/home/user/webapp/backend/app.py", line 345, in <module>
    @user_required()
     ^^^^^^^^^^^^^^^
TypeError: user_required() missing 1 required positional argument: 'f'
Traceback (most recent call last):
  File "/home/user/webapp/backend/app.py", line 345, in <module>
    @user_required()
     ^^^^^^^^^^^^^^^
TypeError: user_required() missing 1 required positional argument: 'f'
Traceback (most recent call last):
  File "/home/user/webapp/backend/app.py", line 345, in <module>
    @user_required
TypeError: user_required() missing 1 required positional argument: 'f'
[31m[1mWARNING: This is a development server. Do not use it in a production deployment. Use a production WSGI server instead.[0m
 * Running on all addresses (0.0.0.0)
 * Running on http://127.0.0.1:5000
 * Running on http://169.254.0.21:5000
[33mPress CTRL+C to quit[0m
 * Restarting with watchdog (inotify)
 * Debugger is active!
 * Debugger PIN: 961-301-114
[31m[1mWARNING: This is a development server. Do not use it in a production deployment. Use a production WSGI server instead.[0m
 * Running on all addresses (0.0.0.0)
 * Running on http://127.0.0.1:5000
 * Running on http://169.254.0.21:5000
[33mPress CTRL+C to quit[0m
 * Restarting with watchdog (inotify)
 * Debugger is active!
 * Debugger PIN: 961-301-114
[31m[1mWARNING: This is a development server. Do not use it in a production deployment. Use a production WSGI server instead.[0m
 * Running on all addresses (0.0.0.0)
 * Running on http://127.0.0.1:5000
 * Running on http://169.254.0.21:5000
[33mPress CTRL+C to quit[0m
 * Restarting with watchdog (inotify)
 * Debugger is active!
 * Debugger PIN: 961-301-114
